c:\users\mcferrill\sandbox\sandbox\sandbox\debug\vc120.pdb
c:\users\mcferrill\sandbox\sandbox\sandbox\debug\sandbox.obj
c:\users\mcferrill\sandbox\sandbox\sandbox\debug\main.obj
c:\users\mcferrill\sandbox\sandbox\sandbox\debug\moc_sandbox.obj
c:\users\mcferrill\sandbox\sandbox\sandbox\debug\qrc_sandbox.obj
c:\users\mcferrill\sandbox\sandbox\sandbox\generatedfiles\debug\moc_sandbox.cpp
c:\users\mcferrill\sandbox\sandbox\sandbox\generatedfiles\ui_sandbox.h
c:\users\mcferrill\sandbox\sandbox\sandbox\generatedfiles\qrc_sandbox.cpp
c:\users\mcferrill\sandbox\sandbox\win32\debug\sandbox.ilk
c:\users\mcferrill\sandbox\sandbox\win32\debug\sandbox.exe
c:\users\mcferrill\sandbox\sandbox\win32\debug\sandbox.pdb
c:\users\mcferrill\sandbox\sandbox\sandbox\debug\sandbox.tlog\cl.command.1.tlog
c:\users\mcferrill\sandbox\sandbox\sandbox\debug\sandbox.tlog\cl.read.1.tlog
c:\users\mcferrill\sandbox\sandbox\sandbox\debug\sandbox.tlog\cl.write.1.tlog
c:\users\mcferrill\sandbox\sandbox\sandbox\debug\sandbox.tlog\custombuild.command.1.tlog
c:\users\mcferrill\sandbox\sandbox\sandbox\debug\sandbox.tlog\custombuild.read.1.tlog
c:\users\mcferrill\sandbox\sandbox\sandbox\debug\sandbox.tlog\custombuild.write.1.tlog
c:\users\mcferrill\sandbox\sandbox\sandbox\debug\sandbox.tlog\link.command.1.tlog
c:\users\mcferrill\sandbox\sandbox\sandbox\debug\sandbox.tlog\link.read.1.tlog
c:\users\mcferrill\sandbox\sandbox\sandbox\debug\sandbox.tlog\link.write.1.tlog
