Build started 4/14/2014 4:22:45 PM.
     1>Project "C:\Users\mcferrill\ATAC\Programming Handbook\irig106-code\irig106\irig106lib\vs2010\irig106lib.vcxproj" on node 3 (Build target(s)).
     1>ClCompile:
         C:\Program Files (x86)\VC\bin\CL.exe /c /ZI /nologo /W3 /WX- /Od /Oy- /D WIN32 /D _DEBUG /D _LIB /D _UNICODE /D UNICODE /D _USE_32BIT_TIME_T /Gm /EHsc /RTC1 /MDd /GS /fp:precise /Zc:wchar_t /Zc:forScope /Fo"C:\Users\mcferrill\ATAC\Programming Handbook\irig106-code\irig106\irig106lib\vs2010\static\Debug\\" /Fd"C:\Users\mcferrill\ATAC\Programming Handbook\irig106-code\irig106\irig106lib\vs2010\static\Debug\vc120.pdb" /Gd /TC /analyze- /errorReport:prompt ..\src\irig106ch10.c
         irig106ch10.c
       Lib:
         C:\Program Files (x86)\VC\bin\Lib.exe /OUT:"C:\Users\mcferrill\ATAC\Programming Handbook\irig106-code\irig106\irig106lib\vs2010\static\Debug\irig106.lib" /NOLOGO "C:\Users\mcferrill\ATAC\Programming Handbook\irig106-code\irig106\irig106lib\vs2010\static\Debug\i106_decode_1553f1.obj"
         "C:\Users\mcferrill\ATAC\Programming Handbook\irig106-code\irig106\irig106lib\vs2010\static\Debug\i106_decode_arinc429.obj"
         "C:\Users\mcferrill\ATAC\Programming Handbook\irig106-code\irig106\irig106lib\vs2010\static\Debug\i106_decode_discrete.obj"
         "C:\Users\mcferrill\ATAC\Programming Handbook\irig106-code\irig106\irig106lib\vs2010\static\Debug\i106_decode_ethernet.obj"
         "C:\Users\mcferrill\ATAC\Programming Handbook\irig106-code\irig106\irig106lib\vs2010\static\Debug\i106_decode_index.obj"
         "C:\Users\mcferrill\ATAC\Programming Handbook\irig106-code\irig106\irig106lib\vs2010\static\Debug\i106_decode_time.obj"
         "C:\Users\mcferrill\ATAC\Programming Handbook\irig106-code\irig106\irig106lib\vs2010\static\Debug\i106_decode_tmats.obj"
         "C:\Users\mcferrill\ATAC\Programming Handbook\irig106-code\irig106\irig106lib\vs2010\static\Debug\i106_decode_uart.obj"
         "C:\Users\mcferrill\ATAC\Programming Handbook\irig106-code\irig106\irig106lib\vs2010\static\Debug\i106_decode_video.obj"
         "C:\Users\mcferrill\ATAC\Programming Handbook\irig106-code\irig106\irig106lib\vs2010\static\Debug\i106_index.obj"
         "C:\Users\mcferrill\ATAC\Programming Handbook\irig106-code\irig106\irig106lib\vs2010\static\Debug\i106_time.obj"
         "C:\Users\mcferrill\ATAC\Programming Handbook\irig106-code\irig106\irig106lib\vs2010\static\Debug\irig106ch10.obj"
         irig106lib.vcxproj -> C:\Users\mcferrill\ATAC\Programming Handbook\irig106-code\irig106\irig106lib\vs2010\static\Debug\irig106.lib
     1>Done Building Project "C:\Users\mcferrill\ATAC\Programming Handbook\irig106-code\irig106\irig106lib\vs2010\irig106lib.vcxproj" (Build target(s)).

Build succeeded.

Time Elapsed 00:00:02.45
