c:\users\mcferrill\atac\programming handbook\irig106-code\irig106\irig106utils\vs2010\debug\irig106lib\vc120.pdb
c:\users\mcferrill\atac\programming handbook\irig106-code\irig106\irig106utils\vs2010\debug\irig106lib\vc120.idb
c:\users\mcferrill\atac\programming handbook\irig106-code\irig106\irig106utils\vs2010\debug\irig106lib\i106_decode_1553f1.nativecodeanalysis.xml
c:\users\mcferrill\atac\programming handbook\irig106-code\irig106\irig106utils\vs2010\debug\irig106lib\i106_decode_arinc429.nativecodeanalysis.xml
c:\users\mcferrill\atac\programming handbook\irig106-code\irig106\irig106utils\vs2010\debug\irig106lib\i106_decode_discrete.nativecodeanalysis.xml
c:\users\mcferrill\atac\programming handbook\irig106-code\irig106\irig106utils\vs2010\debug\irig106lib\i106_decode_ethernet.nativecodeanalysis.xml
c:\users\mcferrill\atac\programming handbook\irig106-code\irig106\irig106utils\vs2010\debug\irig106lib\i106_decode_index.nativecodeanalysis.xml
c:\users\mcferrill\atac\programming handbook\irig106-code\irig106\irig106utils\vs2010\debug\irig106lib\i106_decode_time.nativecodeanalysis.xml
c:\users\mcferrill\atac\programming handbook\irig106-code\irig106\irig106utils\vs2010\debug\irig106lib\i106_decode_tmats.nativecodeanalysis.xml
c:\users\mcferrill\atac\programming handbook\irig106-code\irig106\irig106utils\vs2010\debug\irig106lib\i106_decode_uart.nativecodeanalysis.xml
c:\users\mcferrill\atac\programming handbook\irig106-code\irig106\irig106utils\vs2010\debug\irig106lib\i106_decode_video.nativecodeanalysis.xml
c:\users\mcferrill\atac\programming handbook\irig106-code\irig106\irig106utils\vs2010\debug\irig106lib\i106_index.nativecodeanalysis.xml
c:\users\mcferrill\atac\programming handbook\irig106-code\irig106\irig106utils\vs2010\debug\irig106lib\i106_time.nativecodeanalysis.xml
c:\users\mcferrill\atac\programming handbook\irig106-code\irig106\irig106utils\vs2010\debug\irig106lib\irig106ch10.nativecodeanalysis.xml
c:\users\mcferrill\atac\programming handbook\irig106-code\irig106\irig106utils\vs2010\debug\irig106lib\irig106ch10.obj
c:\users\mcferrill\atac\programming handbook\irig106-code\irig106\irig106utils\vs2010\debug\irig106lib\i106_time.obj
c:\users\mcferrill\atac\programming handbook\irig106-code\irig106\irig106utils\vs2010\debug\irig106lib\i106_index.obj
c:\users\mcferrill\atac\programming handbook\irig106-code\irig106\irig106utils\vs2010\debug\irig106lib\i106_decode_video.obj
c:\users\mcferrill\atac\programming handbook\irig106-code\irig106\irig106utils\vs2010\debug\irig106lib\i106_decode_uart.obj
c:\users\mcferrill\atac\programming handbook\irig106-code\irig106\irig106utils\vs2010\debug\irig106lib\i106_decode_tmats.obj
c:\users\mcferrill\atac\programming handbook\irig106-code\irig106\irig106utils\vs2010\debug\irig106lib\i106_decode_time.obj
c:\users\mcferrill\atac\programming handbook\irig106-code\irig106\irig106utils\vs2010\debug\irig106lib\i106_decode_index.obj
c:\users\mcferrill\atac\programming handbook\irig106-code\irig106\irig106utils\vs2010\debug\irig106lib\i106_decode_ethernet.obj
c:\users\mcferrill\atac\programming handbook\irig106-code\irig106\irig106utils\vs2010\debug\irig106lib\i106_decode_discrete.obj
c:\users\mcferrill\atac\programming handbook\irig106-code\irig106\irig106utils\vs2010\debug\irig106lib\i106_decode_arinc429.obj
c:\users\mcferrill\atac\programming handbook\irig106-code\irig106\irig106utils\vs2010\debug\irig106lib\i106_decode_1553f1.obj
c:\users\mcferrill\atac\programming handbook\irig106-code\irig106\irig106utils\vs2010\debug\irig106lib\irig106.lib
c:\users\mcferrill\atac\programming handbook\irig106-code\irig106\irig106utils\vs2010\debug\irig106lib\nativecodeanalysis.read.1.tlog
c:\users\mcferrill\atac\programming handbook\irig106-code\irig106\irig106utils\vs2010\debug\irig106lib\vc.nativecodeanalysis.all.xml
c:\users\mcferrill\atac\programming handbook\irig106-code\irig106\irig106utils\vs2010\debug\irig106lib\irig106lib.tlog\cl.command.1.tlog
c:\users\mcferrill\atac\programming handbook\irig106-code\irig106\irig106utils\vs2010\debug\irig106lib\irig106lib.tlog\cl.read.1.tlog
c:\users\mcferrill\atac\programming handbook\irig106-code\irig106\irig106utils\vs2010\debug\irig106lib\irig106lib.tlog\cl.write.1.tlog
c:\users\mcferrill\atac\programming handbook\irig106-code\irig106\irig106utils\vs2010\debug\irig106lib\irig106lib.tlog\lib-link.read.1.tlog
c:\users\mcferrill\atac\programming handbook\irig106-code\irig106\irig106utils\vs2010\debug\irig106lib\irig106lib.tlog\lib-link.write.1.tlog
c:\users\mcferrill\atac\programming handbook\irig106-code\irig106\irig106utils\vs2010\debug\irig106lib\irig106lib.tlog\lib.command.1.tlog
