Build started 4/14/2014 4:22:45 PM.
     1>Project "C:\Users\mcferrill\ATAC\Programming Handbook\irig106-code\irig106\irig106lib\vs2010\irig106dll.vcxproj" on node 2 (Build target(s)).
     1>ClCompile:
         C:\Program Files (x86)\VC\bin\CL.exe /c /ZI /nologo /W3 /WX- /Od /Oy- /D WIN32 /D _DEBUG /D _WINDOWS /D _USRDLL /D VS2010_EXPORTS /D _USE_32BIT_TIME_T /D _WINDLL /D _UNICODE /D UNICODE /Gm /EHsc /RTC1 /MDd /GS /fp:precise /Zc:wchar_t /Zc:forScope /Fo"C:\Users\mcferrill\ATAC\Programming Handbook\irig106-code\irig106\irig106lib\vs2010\dll\Debug\\" /Fd"C:\Users\mcferrill\ATAC\Programming Handbook\irig106-code\irig106\irig106lib\vs2010\dll\Debug\vc120.pdb" /Gd /TC /analyze- /errorReport:prompt ..\src\irig106ch10.c
         irig106ch10.c
       Link:
         C:\Program Files (x86)\VC\bin\link.exe /ERRORREPORT:PROMPT /OUT:"C:\Users\mcferrill\ATAC\Programming Handbook\irig106-code\irig106\irig106lib\vs2010\dll\Debug\irig106.dll" /INCREMENTAL /NOLOGO kernel32.lib user32.lib gdi32.lib winspool.lib comdlg32.lib advapi32.lib shell32.lib ole32.lib oleaut32.lib uuid.lib odbc32.lib odbccp32.lib /DEF:"..\src\irig106dll.def" /MANIFEST /MANIFESTUAC:"level='asInvoker' uiAccess='false'" /manifest:embed /DEBUG /PDB:"C:\Users\mcferrill\ATAC\Programming Handbook\irig106-code\irig106\irig106lib\vs2010\dll\Debug\irig106.pdb" /SUBSYSTEM:WINDOWS /TLBID:1 /DYNAMICBASE /NXCOMPAT /IMPLIB:"C:\Users\mcferrill\ATAC\Programming Handbook\irig106-code\irig106\irig106lib\vs2010\dll\Debug\irig106.lib" /MACHINE:X86 /DLL "C:\Users\mcferrill\ATAC\Programming Handbook\irig106-code\irig106\irig106lib\vs2010\dll\Debug\i106_decode_1553f1.obj"
         "C:\Users\mcferrill\ATAC\Programming Handbook\irig106-code\irig106\irig106lib\vs2010\dll\Debug\i106_decode_arinc429.obj"
         "C:\Users\mcferrill\ATAC\Programming Handbook\irig106-code\irig106\irig106lib\vs2010\dll\Debug\i106_decode_discrete.obj"
         "C:\Users\mcferrill\ATAC\Programming Handbook\irig106-code\irig106\irig106lib\vs2010\dll\Debug\i106_decode_ethernet.obj"
         "C:\Users\mcferrill\ATAC\Programming Handbook\irig106-code\irig106\irig106lib\vs2010\dll\Debug\i106_decode_index.obj"
         "C:\Users\mcferrill\ATAC\Programming Handbook\irig106-code\irig106\irig106lib\vs2010\dll\Debug\i106_decode_time.obj"
         "C:\Users\mcferrill\ATAC\Programming Handbook\irig106-code\irig106\irig106lib\vs2010\dll\Debug\i106_decode_tmats.obj"
         "C:\Users\mcferrill\ATAC\Programming Handbook\irig106-code\irig106\irig106lib\vs2010\dll\Debug\i106_decode_uart.obj"
         "C:\Users\mcferrill\ATAC\Programming Handbook\irig106-code\irig106\irig106lib\vs2010\dll\Debug\i106_decode_video.obj"
         "C:\Users\mcferrill\ATAC\Programming Handbook\irig106-code\irig106\irig106lib\vs2010\dll\Debug\i106_index.obj"
         "C:\Users\mcferrill\ATAC\Programming Handbook\irig106-code\irig106\irig106lib\vs2010\dll\Debug\i106_time.obj"
         "C:\Users\mcferrill\ATAC\Programming Handbook\irig106-code\irig106\irig106lib\vs2010\dll\Debug\irig106ch10.obj"
         irig106dll.vcxproj -> C:\Users\mcferrill\ATAC\Programming Handbook\irig106-code\irig106\irig106lib\vs2010\dll\Debug\irig106.dll
     1>Done Building Project "C:\Users\mcferrill\ATAC\Programming Handbook\irig106-code\irig106\irig106lib\vs2010\irig106dll.vcxproj" (Build target(s)).

Build succeeded.

Time Elapsed 00:00:03.12
